\BOOKMARK [0][-]{chapter.1}{1 Introduction to data}{}% 1
\BOOKMARK [1][-]{section.1.1}{1.1 Case study}{chapter.1}% 2
\BOOKMARK [1][-]{section.1.2}{1.2 Data basics}{chapter.1}% 3
\BOOKMARK [1][-]{section.1.3}{1.3 Overview of data collection principles}{chapter.1}% 4
\BOOKMARK [1][-]{section.1.4}{1.4 Observational studies and sampling strategies}{chapter.1}% 5
\BOOKMARK [1][-]{section.1.5}{1.5 Experiments}{chapter.1}% 6
\BOOKMARK [1][-]{section.1.6}{1.6 Examining numerical data}{chapter.1}% 7
\BOOKMARK [1][-]{section.1.7}{1.7 Considering categorical data}{chapter.1}% 8
\BOOKMARK [1][-]{section.1.8}{1.8 Exercises}{chapter.1}% 9
\BOOKMARK [0][-]{chapter.2}{2 Foundation for inference}{}% 10
\BOOKMARK [1][-]{section.2.1}{2.1 Randomization case study: gender discrimination}{chapter.2}% 11
\BOOKMARK [1][-]{section.2.2}{2.2 Randomization case study: opportunity cost}{chapter.2}% 12
\BOOKMARK [1][-]{section.2.3}{2.3 Hypothesis testing}{chapter.2}% 13
\BOOKMARK [1][-]{section.2.4}{2.4 Simulation case studies}{chapter.2}% 14
\BOOKMARK [1][-]{section.2.5}{2.5 Central Limit Theorem}{chapter.2}% 15
\BOOKMARK [1][-]{section.2.6}{2.6 Normal distribution}{chapter.2}% 16
\BOOKMARK [1][-]{section.2.7}{2.7 Applying the normal model}{chapter.2}% 17
\BOOKMARK [1][-]{section.2.8}{2.8 Confidence intervals}{chapter.2}% 18
\BOOKMARK [1][-]{section.2.9}{2.9 Bootstrapping to Compute The Standard Error}{chapter.2}% 19
\BOOKMARK [0][-]{chapter.3}{3 Inference for categorical data}{}% 20
\BOOKMARK [1][-]{section.3.1}{3.1 Inference for a single proportion}{chapter.3}% 21
\BOOKMARK [1][-]{section.3.2}{3.2 Difference of two proportions}{chapter.3}% 22
\BOOKMARK [1][-]{section.3.3}{3.3 Testing for goodness of fit using chi-square \(special topic\)}{chapter.3}% 23
\BOOKMARK [1][-]{section.3.4}{3.4 Testing for independence in two-way tables \(special topic\)}{chapter.3}% 24
\BOOKMARK [1][-]{section.3.5}{3.5 Exercises}{chapter.3}% 25
\BOOKMARK [0][-]{chapter.4}{4 Inference for numerical data}{}% 26
\BOOKMARK [1][-]{section.4.1}{4.1 One-sample means with the t distribution}{chapter.4}% 27
\BOOKMARK [1][-]{section.4.2}{4.2 Paired data}{chapter.4}% 28
\BOOKMARK [1][-]{section.4.3}{4.3 Difference of two means}{chapter.4}% 29
\BOOKMARK [1][-]{section.4.4}{4.4 Comparing many means with ANOVA \(special topic\)}{chapter.4}% 30
\BOOKMARK [1][-]{section.4.5}{4.5 Bootstrapping to study the standard deviation}{chapter.4}% 31
\BOOKMARK [1][-]{section.4.6}{4.6 Exercises}{chapter.4}% 32
\BOOKMARK [0][-]{chapter.5}{5 Introduction to linear regression}{}% 33
\BOOKMARK [1][-]{section.5.1}{5.1 Line fitting, residuals, and correlation}{chapter.5}% 34
\BOOKMARK [1][-]{section.5.2}{5.2 Fitting a line by least squares regression}{chapter.5}% 35
\BOOKMARK [1][-]{section.5.3}{5.3 Types of outliers in linear regression}{chapter.5}% 36
\BOOKMARK [1][-]{section.5.4}{5.4 Inference for linear regression}{chapter.5}% 37
\BOOKMARK [1][-]{section.5.5}{5.5 Exercises}{chapter.5}% 38
\BOOKMARK [0][-]{chapter.6}{6 Multiple and logistic regression}{}% 39
\BOOKMARK [1][-]{section.6.1}{6.1 Introduction to multiple regression}{chapter.6}% 40
\BOOKMARK [1][-]{section.6.2}{6.2 Model selection}{chapter.6}% 41
\BOOKMARK [1][-]{section.6.3}{6.3 Checking model assumptions using graphs}{chapter.6}% 42
\BOOKMARK [1][-]{section.6.4}{6.4 Logistic regression}{chapter.6}% 43
\BOOKMARK [1][-]{section.6.5}{6.5 Exercises}{chapter.6}% 44
\BOOKMARK [0][-]{appendix.A}{A Probability}{}% 45
\BOOKMARK [1][-]{section.A.1}{A.1 Defining probability}{appendix.A}% 46
\BOOKMARK [1][-]{section.A.2}{A.2 Conditional probability}{appendix.A}% 47
\BOOKMARK [1][-]{section.A.3}{A.3 Random variables}{appendix.A}% 48
\BOOKMARK [0][-]{appendix.B}{B End of chapter exercise solutions}{}% 49
\BOOKMARK [0][-]{appendix.C}{C Distribution tables}{}% 50
\BOOKMARK [1][-]{section.C.1}{C.1 Normal Probability Table}{appendix.C}% 51
\BOOKMARK [1][-]{section.C.2}{C.2 t Distribution Table}{appendix.C}% 52
\BOOKMARK [1][-]{section.C.3}{C.3 Chi-Square Probability Table}{appendix.C}% 53
