This is pdfTeX, Version 3.14159265-2.6-1.40.19 (MiKTeX 2.9.6730 64-bit) (preloaded format=pdflatex 2018.8.15)  24 FEB 2020 14:27
entering extended mode
**"H:/Classes/Intro Stat/Books/ISRS1-source/ISRS1-source/01/TeX/01V9.tex"
("H:/Classes/Intro Stat/Books/ISRS1-source/ISRS1-source/01/TeX/01V9.tex"
LaTeX2e <2018-04-01> patch level 5
! Undefined control sequence.
l.1 \chapter
            {Introduction to data}
? 
! Emergency stop.
l.1 \chapter
            {Introduction to data}
End of file on the terminal!

 
Here is how much of TeX's memory you used:
 8 strings out of 492958
 320 string characters out of 3125436
 56183 words of memory out of 3000000
 3982 multiletter control sequences out of 15000+200000
 3640 words of font info for 14 fonts, out of 3000000 for 9000
 1141 hyphenation exceptions out of 8191
 5i,0n,1p,105b,8s stack positions out of 5000i,500n,10000p,200000b,50000s
!  ==> Fatal error occurred, no output PDF file produced!
